<?xml version="1.0" encoding="UTF-8" standalone="no"?>
<!DOCTYPE log SYSTEM "logger.dtd">
<log>
<record>
  <date>2018-10-24T16:40:49</date>
  <millis>1540395649353</millis>
  <sequence>0</sequence>
  <level>START</level>
  <class>com.kms.katalon.core.logging.KeywordLogger</class>
  <method>startSuite</method>
  <thread>1</thread>
  <message>Start Test Suite : Test Suites/Merchant Registration</message>
  <nestedLevel>0</nestedLevel>
  <property name="name">Merchant Registration</property>
  <property name="description"></property>
  <property name="id">Test Suites/Merchant Registration</property>
</record>
<record>
  <date>2018-10-24T16:40:49</date>
  <millis>1540395649403</millis>
  <sequence>1</sequence>
  <level>RUN_DATA</level>
  <class>com.kms.katalon.core.logging.KeywordLogger</class>
  <method>logMessage</method>
  <thread>1</thread>
  <message>Logging run data &amp;apos;hostName&amp;apos; with value &amp;apos;Flexpay - Flexpay-PC&amp;apos;</message>
  <nestedLevel>0</nestedLevel>
  <property name="hostName">Flexpay - Flexpay-PC</property>
</record>
<record>
  <date>2018-10-24T16:40:49</date>
  <millis>1540395649405</millis>
  <sequence>2</sequence>
  <level>RUN_DATA</level>
  <class>com.kms.katalon.core.logging.KeywordLogger</class>
  <method>logMessage</method>
  <thread>1</thread>
  <message>Logging run data &amp;apos;os&amp;apos; with value &amp;apos;Windows 7 32bit&amp;apos;</message>
  <nestedLevel>0</nestedLevel>
  <property name="os">Windows 7 32bit</property>
</record>
<record>
  <date>2018-10-24T16:40:49</date>
  <millis>1540395649405</millis>
  <sequence>3</sequence>
  <level>RUN_DATA</level>
  <class>com.kms.katalon.core.logging.KeywordLogger</class>
  <method>logMessage</method>
  <thread>1</thread>
  <message>Logging run data &amp;apos;hostAddress&amp;apos; with value &amp;apos;192.168.0.110&amp;apos;</message>
  <nestedLevel>0</nestedLevel>
  <property name="hostAddress">192.168.0.110</property>
</record>
<record>
  <date>2018-10-24T16:40:49</date>
  <millis>1540395649406</millis>
  <sequence>4</sequence>
  <level>RUN_DATA</level>
  <class>com.kms.katalon.core.logging.KeywordLogger</class>
  <method>logMessage</method>
  <thread>1</thread>
  <message>Logging run data &amp;apos;katalonVersion&amp;apos; with value &amp;apos;5.8.0.1&amp;apos;</message>
  <nestedLevel>0</nestedLevel>
  <property name="katalonVersion">5.8.0.1</property>
</record>
<record>
  <date>2018-10-24T16:40:50</date>
  <millis>1540395650037</millis>
  <sequence>5</sequence>
  <level>START</level>
  <class>com.kms.katalon.core.logging.KeywordLogger</class>
  <method>startTest</method>
  <thread>1</thread>
  <message>Start Test Case : Test Cases/Merchant Registration/validate if a merchant can successfully register</message>
  <nestedLevel>1</nestedLevel>
  <property name="name">Test Cases/Merchant Registration/validate if a merchant can successfully register</property>
  <property name="description">The test case will validate if the merchant can sign up in the system successfully using the right data</property>
  <property name="id">Test Cases/Merchant Registration/validate if a merchant can successfully register</property>
  <property name="source">C:\\Users\\Flexpay\\Katalon Studio\\Flexpay Version 2.1 Merchant Sign Up\\Test Cases\\Merchant Registration\\validate if a merchant can successfully register.tc</property>
  <property name="isOptional">false</property>
</record>
<record>
  <date>2018-10-24T16:40:50</date>
  <millis>1540395650053</millis>
  <sequence>6</sequence>
  <level>END</level>
  <class>com.kms.katalon.core.logging.KeywordLogger</class>
  <method>endTest</method>
  <thread>1</thread>
  <message>End Test Case : Test Cases/Merchant Registration/validate if a merchant can successfully register</message>
  <nestedLevel>0</nestedLevel>
</record>
</log>
